2025-05-11 11:49:54,827 [INFO] Starting WLASL100...
2025-05-11 11:49:54,827 [INFO] Training using datasets/WLASL100_train_25fps.csv...
2025-05-11 11:49:54,827 [INFO] Validation using datasets/WLASL100_val_25fps.csv..


2025-05-11 12:34:59,772 [INFO] [1] TRAIN  loss: 4.560630228982043 acc: 0.018125
2025-05-11 12:34:59,772 [INFO] [1] AVG TRAIN time per sample (sec): 0.1765720079194254 
2025-05-11 12:34:59,772 [INFO] [1] VALIDATION  acc: 0.05125
2025-05-11 12:34:59,772 [INFO] 
2025-05-11 12:35:52,645 [INFO] [2] TRAIN  loss: 4.198171587132696 acc: 0.06375
2025-05-11 12:35:52,645 [INFO] [2] AVG TRAIN time per sample (sec): 0.1718228984234938 
2025-05-11 12:35:52,645 [INFO] [2] VALIDATION  acc: 0.09875
2025-05-11 12:35:52,645 [INFO] 
2025-05-11 12:36:44,845 [INFO] [3] TRAIN  loss: 3.882801568330224 acc: 0.12375
2025-05-11 12:36:44,845 [INFO] [3] AVG TRAIN time per sample (sec): 0.17039057034165112 
2025-05-11 12:36:44,845 [INFO] [3] VALIDATION  acc: 0.1875
2025-05-11 12:36:44,845 [INFO] 
2025-05-11 12:37:37,745 [INFO] [4] TRAIN  loss: 3.5959745947994404 acc: 0.19
2025-05-11 12:37:37,746 [INFO] [4] AVG TRAIN time per sample (sec): 0.17315159626861118 
2025-05-11 12:37:37,746 [INFO] [4] VALIDATION  acc: 0.2525
2025-05-11 12:37:37,746 [INFO] 
2025-05-11 12:38:30,345 [INFO] [5] TRAIN  loss: 3.3335874187412546 acc: 0.255
2025-05-11 12:38:30,346 [INFO] [5] AVG TRAIN time per sample (sec): 0.17039346339097663 
2025-05-11 12:38:30,346 [INFO] [5] VALIDATION  acc: 0.3375
2025-05-11 12:38:30,346 [INFO] 
2025-05-11 12:39:23,406 [INFO] [6] TRAIN  loss: 3.0872725301714086 acc: 0.339375
2025-05-11 12:39:23,406 [INFO] [6] AVG TRAIN time per sample (sec): 0.17141508700242683 
2025-05-11 12:39:23,406 [INFO] [6] VALIDATION  acc: 0.4
2025-05-11 12:39:23,406 [INFO] 
2025-05-11 12:40:17,408 [INFO] [7] TRAIN  loss: 2.856203904792444 acc: 0.401875
2025-05-11 12:40:17,409 [INFO] [7] AVG TRAIN time per sample (sec): 0.1735553866002097 
2025-05-11 12:40:17,409 [INFO] [7] VALIDATION  acc: 0.455
2025-05-11 12:40:17,409 [INFO] 
2025-05-11 12:41:11,860 [INFO] [8] TRAIN  loss: 2.629431881121735 acc: 0.466875
2025-05-11 12:41:11,860 [INFO] [8] AVG TRAIN time per sample (sec): 0.17497921701687486 
2025-05-11 12:41:11,860 [INFO] [8] VALIDATION  acc: 0.50375
2025-05-11 12:41:11,860 [INFO] 
2025-05-11 12:42:06,167 [INFO] [9] TRAIN  loss: 2.4330407897038246 acc: 0.5146875
2025-05-11 12:42:06,168 [INFO] [9] AVG TRAIN time per sample (sec): 0.1737413530919089 
2025-05-11 12:42:06,168 [INFO] [9] VALIDATION  acc: 0.5525
2025-05-11 12:42:06,168 [INFO] 
2025-05-11 12:43:00,743 [INFO] [10] TRAIN  loss: 2.211750542939599 acc: 0.57125
2025-05-11 12:43:00,744 [INFO] [10] AVG TRAIN time per sample (sec): 0.1755798912760037 
2025-05-11 12:43:00,744 [INFO] [10] VALIDATION  acc: 0.5625
2025-05-11 12:43:00,744 [INFO] 
2025-05-11 12:43:00,744 [INFO] 
Testing checkpointed models starting...

2025-05-11 12:43:00,935 [INFO] 
Any desired statistics have been plotted.
The experiment is finished.
2025-05-11 12:48:00,864 [INFO] Starting WLASL100...
2025-05-11 12:48:00,864 [INFO] Training using datasets/WLASL100_train_25fps.csv...
2025-05-11 12:48:00,864 [INFO] Validation using datasets/WLASL100_val_25fps.csv...


2025-05-11 12:48:52,143 [INFO] [1] TRAIN  loss: 4.560630228982043 acc: 0.018125
2025-05-11 12:48:52,143 [INFO] [1] AVG TRAIN time per sample (sec): 0.17402700523831952 
2025-05-11 12:48:52,143 [INFO] [1] VALIDATION  acc: 0.05125
2025-05-11 12:48:52,143 [INFO] 
2025-05-11 12:49:45,856 [INFO] [2] TRAIN  loss: 4.198171587132696 acc: 0.06375
2025-05-11 12:49:45,857 [INFO] [2] AVG TRAIN time per sample (sec): 0.17149425086690417 
2025-05-11 12:49:45,857 [INFO] [2] VALIDATION  acc: 0.09875
2025-05-11 12:49:45,857 [INFO] 
2025-05-11 12:50:40,138 [INFO] [3] TRAIN  loss: 3.882801568330224 acc: 0.12375
2025-05-11 12:50:40,138 [INFO] [3] AVG TRAIN time per sample (sec): 0.16926441085872365 
2025-05-11 12:50:40,138 [INFO] [3] VALIDATION  acc: 0.1875
2025-05-11 12:50:40,138 [INFO] 
2025-05-11 12:51:35,836 [INFO] [4] TRAIN  loss: 3.5959745947994404 acc: 0.19
2025-05-11 12:51:35,837 [INFO] [4] AVG TRAIN time per sample (sec): 0.17324227005688111 
2025-05-11 12:51:35,837 [INFO] [4] VALIDATION  acc: 0.2525
2025-05-11 12:51:35,837 [INFO] 
2025-05-11 12:52:30,154 [INFO] [5] TRAIN  loss: 3.3335874187412546 acc: 0.255
2025-05-11 12:52:30,155 [INFO] [5] AVG TRAIN time per sample (sec): 0.16884492048576696 
2025-05-11 12:52:30,155 [INFO] [5] VALIDATION  acc: 0.3375
2025-05-11 12:52:30,155 [INFO] 
2025-05-11 12:53:25,826 [INFO] [6] TRAIN  loss: 3.0872725301714086 acc: 0.339375
2025-05-11 12:53:25,826 [INFO] [6] AVG TRAIN time per sample (sec): 0.17835484155968054 
2025-05-11 12:53:25,826 [INFO] [6] VALIDATION  acc: 0.4
2025-05-11 12:53:25,826 [INFO] 
2025-05-11 12:54:18,750 [INFO] [7] TRAIN  loss: 2.856203904792444 acc: 0.401875
2025-05-11 12:54:18,750 [INFO] [7] AVG TRAIN time per sample (sec): 0.1677010415205315 
2025-05-11 12:54:18,750 [INFO] [7] VALIDATION  acc: 0.455
2025-05-11 12:54:18,750 [INFO] 
2025-05-11 12:55:15,116 [INFO] [8] TRAIN  loss: 2.629431881121735 acc: 0.466875
2025-05-11 12:55:15,117 [INFO] [8] AVG TRAIN time per sample (sec): 0.17859879180566587 
2025-05-11 12:55:15,117 [INFO] [8] VALIDATION  acc: 0.50375
2025-05-11 12:55:15,117 [INFO] 
2025-05-11 12:56:11,035 [INFO] [9] TRAIN  loss: 2.4330407897038246 acc: 0.5146875
2025-05-11 12:56:11,035 [INFO] [9] AVG TRAIN time per sample (sec): 0.17444932638709224 
2025-05-11 12:56:11,035 [INFO] [9] VALIDATION  acc: 0.5525
2025-05-11 12:56:11,035 [INFO] 
2025-05-11 12:57:07,903 [INFO] [10] TRAIN  loss: 2.211750542939599 acc: 0.57125
2025-05-11 12:57:07,903 [INFO] [10] AVG TRAIN time per sample (sec): 0.1783144669746285 
2025-05-11 12:57:07,903 [INFO] [10] VALIDATION  acc: 0.5625
2025-05-11 12:57:07,903 [INFO] 
2025-05-11 12:58:03,075 [INFO] [11] TRAIN  loss: 2.0309197724755133 acc: 0.6134375
2025-05-11 12:58:03,075 [INFO] [11] AVG TRAIN time per sample (sec): 0.1701590143032928 
2025-05-11 12:58:03,075 [INFO] [11] VALIDATION  acc: 0.61625
2025-05-11 12:58:03,075 [INFO] 
2025-05-11 12:58:59,481 [INFO] [12] TRAIN  loss: 1.8709274975221548 acc: 0.641875
2025-05-11 12:58:59,481 [INFO] [12] AVG TRAIN time per sample (sec): 0.17950667907942586 
2025-05-11 12:58:59,481 [INFO] [12] VALIDATION  acc: 0.62125
2025-05-11 12:58:59,481 [INFO] 
2025-05-11 12:59:55,198 [INFO] [13] TRAIN  loss: 1.7175119883978545 acc: 0.6753125
2025-05-11 12:59:55,198 [INFO] [13] AVG TRAIN time per sample (sec): 0.17117783026908762 
2025-05-11 12:59:55,198 [INFO] [13] VALIDATION  acc: 0.6575
2025-05-11 12:59:55,198 [INFO] 
2025-05-11 13:00:50,633 [INFO] [14] TRAIN  loss: 1.5603555707789178 acc: 0.71625
2025-05-11 13:00:50,633 [INFO] [14] AVG TRAIN time per sample (sec): 0.17204204957876632 
2025-05-11 13:00:50,633 [INFO] [14] VALIDATION  acc: 0.6625
2025-05-11 13:00:50,633 [INFO] 
2025-05-11 13:01:46,269 [INFO] [15] TRAIN  loss: 1.4390294089246152 acc: 0.734375
2025-05-11 13:01:46,269 [INFO] [15] AVG TRAIN time per sample (sec): 0.17128275579480984 
2025-05-11 13:01:46,269 [INFO] [15] VALIDATION  acc: 0.7175
2025-05-11 13:01:46,269 [INFO] 
2025-05-11 13:02:43,357 [INFO] [16] TRAIN  loss: 1.3201127692834655 acc: 0.76
2025-05-11 13:02:43,358 [INFO] [16] AVG TRAIN time per sample (sec): 0.17465379166958936 
2025-05-11 13:02:43,358 [INFO] [16] VALIDATION  acc: 0.75375
2025-05-11 13:02:43,358 [INFO] 
2025-05-11 13:03:40,942 [INFO] [17] TRAIN  loss: 1.211105005065007 acc: 0.776875
2025-05-11 13:03:40,942 [INFO] [17] AVG TRAIN time per sample (sec): 0.17580516658612153 
2025-05-11 13:03:40,942 [INFO] [17] VALIDATION  acc: 0.7275
2025-05-11 13:03:40,942 [INFO] 
2025-05-11 13:04:36,833 [INFO] [18] TRAIN  loss: 1.1131834343298157 acc: 0.8053125
2025-05-11 13:04:36,833 [INFO] [18] AVG TRAIN time per sample (sec): 0.17383620632228566 
2025-05-11 13:04:36,833 [INFO] [18] VALIDATION  acc: 0.75375
2025-05-11 13:04:36,834 [INFO] 
2025-05-11 13:05:31,147 [INFO] [19] TRAIN  loss: 1.0155583851373018 acc: 0.8259375
2025-05-11 13:05:31,147 [INFO] [19] AVG TRAIN time per sample (sec): 0.1692500434704681 
2025-05-11 13:05:31,147 [INFO] [19] VALIDATION  acc: 0.77625
2025-05-11 13:05:31,147 [INFO] 
2025-05-11 13:06:26,084 [INFO] [20] TRAIN  loss: 0.9415936825880363 acc: 0.835625
2025-05-11 13:06:26,085 [INFO] [20] AVG TRAIN time per sample (sec): 0.16875000498188075 
2025-05-11 13:06:26,085 [INFO] [20] VALIDATION  acc: 0.78125
2025-05-11 13:06:26,085 [INFO] 
2025-05-11 13:06:26,085 [INFO] 
Testing checkpointed models starting...

2025-05-11 13:06:26,280 [INFO] 
Any desired statistics have been plotted.
The experiment is finished.
2025-05-11 16:06:25,702 [INFO] Starting WLASL100...
2025-05-11 16:06:25,733 [INFO] Training using datasets/WLASL100_train_25fps.csv...
2025-05-11 16:06:25,733 [INFO] Validation using datasets/WLASL100_val_25fps.csv...


2025-05-11 16:38:09,786 [INFO] Starting WLASL100...
2025-05-11 16:38:09,787 [INFO] Training using datasets/WLASL100_train_25fps.csv...
2025-05-11 16:38:09,787 [INFO] Validation using datasets/WLASL100_val_25fps.csv...


2025-05-11 16:56:02,287 [INFO] Starting WLASL100...
2025-05-11 16:56:02,287 [INFO] Training using datasets/WLASL100_train_25fps.csv...
2025-05-11 16:56:02,287 [INFO] Validation using datasets/WLASL100_val_25fps.csv...


2025-05-11 17:17:14,024 [INFO] Starting WLASL100...
2025-05-11 17:17:14,024 [INFO] Training using datasets/WLASL100_train_25fps.csv...
2025-05-11 17:17:14,025 [INFO] Validation using datasets/WLASL100_val_25fps.csv...


2025-05-11 17:36:21,084 [INFO] Starting WLASL100...
2025-05-11 17:36:21,084 [INFO] Training using datasets/WLASL100_train_25fps.csv...
2025-05-11 17:36:21,085 [INFO] Validation using datasets/WLASL100_val_25fps.csv...


2025-05-11 18:06:57,180 [INFO] [1] TRAIN  loss: 4.5475641506821365 acc: 0.0246875
2025-05-11 18:06:57,182 [INFO] [1] AVG TRAIN time per sample (sec): 5.18938393201401 
2025-05-11 18:06:57,182 [INFO] [1] VALIDATION  acc: 0.0575
2025-05-11 18:06:57,182 [INFO] 
2025-05-12 23:30:55,762 [INFO] Starting WLASL100...
2025-05-12 23:30:55,791 [INFO] Training using datasets/WLASL100_train_25fps.csv...
2025-05-12 23:30:55,791 [INFO] Validation using datasets/WLASL100_val_25fps.csv...


2025-05-12 23:42:11,132 [INFO] Starting WLASL100...
2025-05-12 23:42:11,133 [INFO] Training using datasets/WLASL100_train_25fps.csv...
2025-05-12 23:42:11,133 [INFO] Validation using datasets/WLASL100_val_25fps.csv...


2025-05-13 00:19:34,135 [INFO] Starting WLASL100...
2025-05-13 00:19:34,135 [INFO] Training using datasets/WLASL100_train_25fps.csv...
2025-05-13 00:19:34,135 [INFO] Validation using datasets/WLASL100_val_25fps.csv...


2025-05-13 00:33:32,238 [INFO] Starting WLASL100...
2025-05-13 00:33:32,272 [INFO] Training using datasets/WLASL100_train_25fps.csv...
2025-05-13 00:33:32,273 [INFO] Validation using datasets/WLASL100_val_25fps.csv...


2025-05-13 00:44:47,436 [INFO] Starting WLASL100...
2025-05-13 00:44:47,436 [INFO] Training using datasets/WLASL100_train_25fps.csv...
2025-05-13 00:44:47,436 [INFO] Validation using datasets/WLASL100_val_25fps.csv...


2025-05-13 00:56:21,091 [INFO] Starting WLASL100...
2025-05-13 00:56:21,092 [INFO] Training using datasets/WLASL100_train_25fps.csv...
2025-05-13 00:56:21,092 [INFO] Validation using datasets/WLASL100_val_25fps.csv...


2025-05-13 01:15:28,350 [INFO] Starting WLASL100...
2025-05-13 01:15:28,350 [INFO] Training using datasets/WLASL100_train_25fps.csv...
2025-05-13 01:15:28,350 [INFO] Validation using datasets/WLASL100_val_25fps.csv...


2025-05-13 01:20:14,335 [INFO] [1] TRAIN  loss: 4.524879150390625 acc: 0.024375
2025-05-13 01:20:14,372 [INFO] [1] AVG TRAIN time per sample (sec): 0.11503252863883973 
2025-05-13 01:20:14,373 [INFO] [1] VALIDATION  acc: 0.07375
2025-05-13 01:20:14,373 [INFO] 
2025-05-13 01:24:56,810 [INFO] [2] TRAIN  loss: 4.119244689941406 acc: 0.073125
2025-05-13 01:24:56,811 [INFO] [2] AVG TRAIN time per sample (sec): 0.10675821781158447 
2025-05-13 01:24:56,811 [INFO] [2] VALIDATION  acc: 0.1225
2025-05-13 01:24:56,812 [INFO] 
2025-05-13 01:29:36,444 [INFO] [3] TRAIN  loss: 3.7785830688476563 acc: 0.1328125
2025-05-13 01:29:36,474 [INFO] [3] AVG TRAIN time per sample (sec): 0.10663885116577149 
2025-05-13 01:29:36,475 [INFO] [3] VALIDATION  acc: 0.22125
2025-05-13 01:29:36,494 [INFO] 
2025-05-13 01:34:16,146 [INFO] [4] TRAIN  loss: 3.4661740112304686 acc: 0.2209375
2025-05-13 01:34:16,147 [INFO] [4] AVG TRAIN time per sample (sec): 0.10773688793182373 
2025-05-13 01:34:16,147 [INFO] [4] VALIDATION  acc: 0.2775
2025-05-13 01:34:16,147 [INFO] 
2025-05-13 01:38:57,323 [INFO] [5] TRAIN  loss: 3.163062744140625 acc: 0.3040625
2025-05-13 01:38:57,324 [INFO] [5] AVG TRAIN time per sample (sec): 0.10689720034599304 
2025-05-13 01:38:57,324 [INFO] [5] VALIDATION  acc: 0.38125
2025-05-13 01:38:57,324 [INFO] 
